[debug] [2023-05-24T18:44:26.745Z] ----------------------------------------------------------------------
[debug] [2023-05-24T18:44:26.750Z] Command:       /usr/local/bin/node /usr/local/bin/firebase init
[debug] [2023-05-24T18:44:26.751Z] CLI Version:   12.2.0
[debug] [2023-05-24T18:44:26.752Z] Platform:      darwin
[debug] [2023-05-24T18:44:26.752Z] Node Version:  v18.12.1
[debug] [2023-05-24T18:44:26.754Z] Time:          Wed May 24 2023 15:44:26 GMT-0300 (hora estándar de Argentina)
[debug] [2023-05-24T18:44:26.754Z] ----------------------------------------------------------------------
[debug] 
[debug] [2023-05-24T18:44:26.777Z] > command requires scopes: ["email","openid","https://www.googleapis.com/auth/cloudplatformprojects.readonly","https://www.googleapis.com/auth/firebase","https://www.googleapis.com/auth/cloud-platform"]
[debug] [2023-05-24T18:44:26.778Z] > authorizing via signed-in user (emepe1591@gmail.com)
[info] 
     ######## #### ########  ######## ########     ###     ######  ########
     ##        ##  ##     ## ##       ##     ##  ##   ##  ##       ##
     ######    ##  ########  ######   ########  #########  ######  ######
     ##        ##  ##    ##  ##       ##     ## ##     ##       ## ##
     ##       #### ##     ## ######## ########  ##     ##  ######  ########

You're about to initialize a Firebase project in this directory:

  /Users/usuario/Documents/programacion/salute

[info] 
=== Project Setup
[info] 
[info] First, let's associate this project directory with a Firebase project.
[info] You can create multiple project aliases by running firebase use --add, 
[info] but for now we'll just set up a default project.
[info] 
[debug] [2023-05-24T18:44:42.807Z] > refreshing access token with scopes: []
[debug] [2023-05-24T18:44:42.813Z] >>> [apiv2][query] POST https://www.googleapis.com/oauth2/v3/token [none]
[debug] [2023-05-24T18:44:42.814Z] >>> [apiv2][body] POST https://www.googleapis.com/oauth2/v3/token [omitted]
[debug] [2023-05-24T18:44:43.225Z] <<< [apiv2][status] POST https://www.googleapis.com/oauth2/v3/token 200
[debug] [2023-05-24T18:44:43.225Z] <<< [apiv2][body] POST https://www.googleapis.com/oauth2/v3/token [omitted]
[debug] [2023-05-24T18:44:43.435Z] >>> [apiv2][query] GET https://firebase.googleapis.com/v1beta1/projects pageSize=100
[debug] [2023-05-24T18:44:45.134Z] <<< [apiv2][status] GET https://firebase.googleapis.com/v1beta1/projects 200
[debug] [2023-05-24T18:44:45.135Z] <<< [apiv2][body] GET https://firebase.googleapis.com/v1beta1/projects [omitted]
[info] i  Using project salute-01 (salute) 
[info] 
=== Hosting Setup
[info] 
[info] Your public directory is the folder (relative to your project directory) that
[info] will contain Hosting assets to be uploaded with firebase deploy. If you
[info] have a build process for your assets, use your build's output directory.
[info] 
[info] ✔  Wrote build/404.html 
[debug] [2023-05-24T19:03:38.035Z] >>> [apiv2][query] GET https://www.gstatic.com/firebasejs/releases.json [none]
[debug] [2023-05-24T19:03:38.283Z] <<< [apiv2][status] GET https://www.gstatic.com/firebasejs/releases.json 200
[debug] [2023-05-24T19:03:38.287Z] <<< [apiv2][body] GET https://www.gstatic.com/firebasejs/releases.json {"current":{"version":"9.22.0","browserURL":"https://www.gstatic.com/firebasejs/9.22.0/firebase.js","packageURL":"https://www.gstatic.com/firebasejs/9.22.0/firebase.tgz"},"live":{"version":"9.22","browserURL":"https://www.gstatic.com/firebasejs/live/9.22/firebase.js","packageURL":"https://www.gstatic.com/firebasejs/live/9.22/firebase.tgz"},"components":{"analytics":"https://www.gstatic.com/firebasejs/9.22.0/firebase-analytics.js","app":"https://www.gstatic.com/firebasejs/9.22.0/firebase-app.js","app-check":"https://www.gstatic.com/firebasejs/9.22.0/firebase-app-check.js","auth":"https://www.gstatic.com/firebasejs/9.22.0/firebase-auth.js","auth/cordova":"https://www.gstatic.com/firebasejs/9.22.0/firebase-auth/cordova.js","auth/react-native":"https://www.gstatic.com/firebasejs/9.22.0/firebase-auth/react-native.js","functions":"https://www.gstatic.com/firebasejs/9.22.0/firebase-functions.js","firestore":"https://www.gstatic.com/firebasejs/9.22.0/firebase-firestore.js","firestore/lite":"https://www.gstatic.com/firebasejs/9.22.0/firebase-firestore/lite.js","installations":"https://www.gstatic.com/firebasejs/9.22.0/firebase-installations.js","storage":"https://www.gstatic.com/firebasejs/9.22.0/firebase-storage.js","performance":"https://www.gstatic.com/firebasejs/9.22.0/firebase-performance.js","remote-config":"https://www.gstatic.com/firebasejs/9.22.0/firebase-remote-config.js","messaging":"https://www.gstatic.com/firebasejs/9.22.0/firebase-messaging.js","messaging/sw":"https://www.gstatic.com/firebasejs/9.22.0/firebase-messaging/sw.js","database":"https://www.gstatic.com/firebasejs/9.22.0/firebase-database.js","firestore.memory":"https://www.gstatic.com/firebasejs/9.22.0/firebase-firestore.memory.js"}}
[info] ✔  Wrote build/index.html 
[info] 
[info] i  Detected a .git folder at /Users/usuario/Documents/programacion/salute 
[info] i  Authorizing with GitHub to upload your service account to a GitHub repository's secrets store. 
[info] 
[info] Visit this URL on this device to log in:
[info] https://github.com/login/oauth/authorize?client_id=89cf50f02ac6aaed3484&state=120964112&redirect_uri=http%3A%2F%2Flocalhost%3A9005&scope=read%3Auser%20repo%20public_repo
[info] 
[info] Waiting for authentication...
[debug] [2023-05-24T19:04:33.636Z] >>> [apiv2][query] POST https://github.com/login/oauth/access_token [none]
[debug] [2023-05-24T19:04:33.637Z] >>> [apiv2][body] POST https://github.com/login/oauth/access_token [stream]
[debug] [2023-05-24T19:04:34.073Z] <<< [apiv2][status] POST https://github.com/login/oauth/access_token 200
[debug] [2023-05-24T19:04:34.074Z] <<< [apiv2][body] POST https://github.com/login/oauth/access_token {"access_token":"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","token_type":"bearer","scope":"read:user,repo"}
[debug] [2023-05-24T19:04:34.198Z] >>> [apiv2][query] GET https://api.github.com/user [none]
[debug] [2023-05-24T19:04:35.658Z] <<< [apiv2][status] GET https://api.github.com/user 200
[debug] [2023-05-24T19:04:35.659Z] <<< [apiv2][body] GET https://api.github.com/user {"login":"pablo1591moreno","id":95658189,"node_id":"U_kgDOBbOgzQ","avatar_url":"https://avatars.githubusercontent.com/u/95658189?v=4","gravatar_id":"","url":"https://api.github.com/users/pablo1591moreno","html_url":"https://github.com/pablo1591moreno","followers_url":"https://api.github.com/users/pablo1591moreno/followers","following_url":"https://api.github.com/users/pablo1591moreno/following{/other_user}","gists_url":"https://api.github.com/users/pablo1591moreno/gists{/gist_id}","starred_url":"https://api.github.com/users/pablo1591moreno/starred{/owner}{/repo}","subscriptions_url":"https://api.github.com/users/pablo1591moreno/subscriptions","organizations_url":"https://api.github.com/users/pablo1591moreno/orgs","repos_url":"https://api.github.com/users/pablo1591moreno/repos","events_url":"https://api.github.com/users/pablo1591moreno/events{/privacy}","received_events_url":"https://api.github.com/users/pablo1591moreno/received_events","type":"User","site_admin":false,"name":"Pablo Moreno","company":null,"blog":"https://www.linkedin.com/in/pablomoreno-1591/","location":"Buenos Aires, Argentina","email":null,"hireable":null,"bio":"Diseñador grafico / desarrollador front end\r\n\r\nManedo de:\r\nJavaScript, CSS3, HTML5, Bootstrap, SASS, React Js, Adobe Illustrator, Photoshop Adobe XD y Figma ","twitter_username":null,"public_repos":8,"public_gists":0,"followers":1,"following":0,"created_at":"2021-12-06T22:11:59Z","updated_at":"2023-02-27T13:58:41Z","private_gists":1,"total_private_repos":4,"owned_private_repos":4,"disk_usage":85423,"collaborators":0,"two_factor_authentication":false,"plan":{"name":"free","space":976562499,"collaborators":0,"private_repos":10000}}
[info] 
[info] ✔  Success! Logged into GitHub as pablo1591moreno 
[info] 
